<?xml version="1.0" encoding="UTF-8"?>
<testsuite name="Academy Choucair" tests="1" skipped="1" failures="0" errors="0" timestamp="2022-10-22T04:45:04" hostname="DESKTOP-2L403T3" time="55.575">
  <properties/>
  <testcase name="Search for an automation course" classname="Academy Choucair" time="55.575">
    <skipped/>
  </testcase>
  <system-out><![CDATA[]]></system-out>
  <system-err><![CDATA[[Test worker] WARN net.thucydides.core.steps.BaseStepListener - stepStarted: net.thucydides.core.steps.ExecutedStepDescription@51e4ccb3
[Test worker] WARN net.thucydides.core.steps.BaseStepListener - stepStarted: net.thucydides.core.steps.ExecutedStepDescription@47ec7422
[Test worker] WARN net.thucydides.core.steps.BaseStepListener - stepStarted: net.thucydides.core.steps.ExecutedStepDescription@7e2f86e6
oct 21, 2022 11:45:09 PM org.openqa.selenium.remote.DesiredCapabilities chrome
INFORMACIÓN: Using `new ChromeOptions()` is preferred to `DesiredCapabilities.chrome()`
[Test worker] INFO net.serenitybdd.core.webdriver.driverproviders.ProvideNewDriver - Instantiating driver
[Test worker] INFO net.serenitybdd.core.webdriver.driverproviders.ProvideNewDriver - Driver capabilities: Capabilities {acceptInsecureCerts: false, browserName: chrome, chrome.switches: --start-maximized, goog:chromeOptions: {args: [--start-maximized], extensions: []}, loggingPrefs: org.openqa.selenium.logging..., platform: ANY, version: }
Starting ChromeDriver 106.0.5249.61 (511755355844955cd3e264779baf0dd38212a4d0-refs/branch-heads/5249@{#569}) on port 8226
Only local connections are allowed.
Please see https://chromedriver.chromium.org/security-considerations for suggestions on keeping ChromeDriver safe.
ChromeDriver was started successfully.
oct 21, 2022 11:45:28 PM org.openqa.selenium.remote.ProtocolHandshake createSession
INFORMACIÓN: Detected dialect: W3C
[Test worker] WARN net.thucydides.core.steps.BaseStepListener - stepFinished: current outcome:Search for an automation course:Given than brandon wants to learn automation at the academy Choucair
| strUser | strPassword |
| <strUser> | <strPassword> | [Brandon open up [brandon opens the Choucair academy page]]
[Test worker] WARN net.thucydides.core.steps.BaseStepListener - stepFinished: current outcome:Search for an automation course:Given than brandon wants to learn automation at the academy Choucair
| strUser | strPassword |
| <strUser> | <strPassword> | [Brandon open up [brandon opens the Choucair academy page]]
[Test worker] WARN net.thucydides.core.steps.BaseStepListener - stepStarted: net.thucydides.core.steps.ExecutedStepDescription@7ddd84b5
[Test worker] WARN net.thucydides.core.steps.BaseStepListener - stepStarted: net.thucydides.core.steps.ExecutedStepDescription@18b74ea
[Test worker] WARN net.thucydides.core.steps.BaseStepListener - stepFinished: current outcome:Search for an automation course:Given than brandon wants to learn automation at the academy Choucair
| strUser | strPassword |
| <strUser> | <strPassword> | [Brandon open up [brandon opens the Choucair academy page], Brandon login [brandon clicks on button that show us the form to login]]
[Test worker] WARN net.thucydides.core.steps.BaseStepListener - stepStarted: net.thucydides.core.steps.ExecutedStepDescription@31b82e0f
[Test worker] WARN net.thucydides.core.steps.BaseStepListener - stepFinished: current outcome:Search for an automation course:Given than brandon wants to learn automation at the academy Choucair
| strUser | strPassword |
| <strUser> | <strPassword> | [Brandon open up [brandon opens the Choucair academy page], Brandon login [brandon clicks on button that show us the form to login, brandon enters '<strUser>' into where do we write the user]]
[Test worker] WARN net.thucydides.core.steps.BaseStepListener - stepStarted: net.thucydides.core.steps.ExecutedStepDescription@55fdf7f9
[Test worker] WARN net.thucydides.core.steps.BaseStepListener - stepFinished: current outcome:Search for an automation course:Given than brandon wants to learn automation at the academy Choucair
| strUser | strPassword |
| <strUser> | <strPassword> | [Brandon open up [brandon opens the Choucair academy page], Brandon login [brandon clicks on button that show us the form to login, brandon enters '<strUser>' into where do we write the user, brandon enters '<strPassword>' into where do we write the password]]
[Test worker] WARN net.thucydides.core.steps.BaseStepListener - stepStarted: net.thucydides.core.steps.ExecutedStepDescription@733ec58b
[Test worker] WARN net.thucydides.core.steps.BaseStepListener - stepFinished: current outcome:Search for an automation course:Given than brandon wants to learn automation at the academy Choucair
| strUser | strPassword |
| <strUser> | <strPassword> | [Brandon open up [brandon opens the Choucair academy page], Brandon login [brandon clicks on button that show us the form to login, brandon enters '<strUser>' into where do we write the user, brandon enters '<strPassword>' into where do we write the password, brandon clicks on button to confirm login]]
[Test worker] WARN net.thucydides.core.steps.BaseStepListener - stepFinished: current outcome:Search for an automation course:Given than brandon wants to learn automation at the academy Choucair
| strUser | strPassword |
| <strUser> | <strPassword> | [Brandon open up [brandon opens the Choucair academy page], Brandon login [brandon clicks on button that show us the form to login, brandon enters '<strUser>' into where do we write the user, brandon enters '<strPassword>' into where do we write the password, brandon clicks on button to confirm login]]
[Test worker] WARN net.thucydides.core.steps.BaseStepListener - stepFinished: current outcome:Search for an automation course:Given than brandon wants to learn automation at the academy Choucair
| strUser | strPassword |
| <strUser> | <strPassword> | [Brandon open up [brandon opens the Choucair academy page], Brandon login [brandon clicks on button that show us the form to login, brandon enters '<strUser>' into where do we write the user, brandon enters '<strPassword>' into where do we write the password, brandon clicks on button to confirm login]]
[Test worker] WARN net.thucydides.core.steps.BaseStepListener - stepStarted: net.thucydides.core.steps.ExecutedStepDescription@5489b1f7
[Test worker] INFO net.thucydides.core.steps.ConsoleLoggingListener - TEST PENDING
[Test worker] WARN net.thucydides.core.steps.BaseStepListener - stepStarted: net.thucydides.core.steps.ExecutedStepDescription@235b4cb8
[Test worker] WARN net.thucydides.core.steps.BaseStepListener - testFinished: Search for an automation course:Given than brandon wants to learn automation at the academy Choucair
| strUser | strPassword |
| <strUser> | <strPassword> | [Brandon open up [brandon opens the Choucair academy page], Brandon login [brandon clicks on button that show us the form to login, brandon enters '<strUser>' into where do we write the user, brandon enters '<strPassword>' into where do we write the password, brandon clicks on button to confirm login]], When he search for the course on the choucair academy platform
| strCourse |
| <strCourse> |, Then he finds the course called
| strCourse |
| <strCourse> |
[Test worker] WARN net.thucydides.core.steps.BaseStepListener - TestOutcomes: [Search for an automation course:Given than brandon wants to learn automation at the academy Choucair
| strUser | strPassword |
| <strUser> | <strPassword> | [Brandon open up [brandon opens the Choucair academy page], Brandon login [brandon clicks on button that show us the form to login, brandon enters '<strUser>' into where do we write the user, brandon enters '<strPassword>' into where do we write the password, brandon clicks on button to confirm login]], When he search for the course on the choucair academy platform
| strCourse |
| <strCourse> |, Then he finds the course called
| strCourse |
| <strCourse> |]
[Test worker] WARN net.thucydides.core.steps.BaseStepListener - Final testOutcomes: [Search for an automation course:Given than brandon wants to learn automation at the academy Choucair
| strUser | strPassword |
| <strUser> | <strPassword> | [Brandon open up [brandon opens the Choucair academy page], Brandon login [brandon clicks on button that show us the form to login, brandon enters '<strUser>' into where do we write the user, brandon enters '<strPassword>' into where do we write the password, brandon clicks on button to confirm login]], When he search for the course on the choucair academy platform
| strCourse |
| <strCourse> |, Then he finds the course called
| strCourse |
| <strCourse> |]
[Test worker] INFO net.thucydides.core.steps.ConsoleLoggingListener - 
          __  _____ _____ ____ _____   ____  _____ _   _ ____ ___ _   _  ____ 
 _       / / |_   _| ____/ ___|_   _| |  _ \| ____| \ | |  _ \_ _| \ | |/ ___|
(_)____ / /    | | |  _| \___ \ | |   | |_) |  _| |  \| | | | | ||  \| | |  _ 
 |_____/ /     | | | |___ ___) || |   |  __/| |___| |\  | |_| | || |\  | |_| |
(_)   /_/      |_| |_____|____/ |_|   |_|   |_____|_| \_|____/___|_| \_|\____|
                                                                                

TEST PENDING: Search for an automation course
---------------------------------------------------------------------------------
]]></system-err>
</testsuite>
